SF:lib/main.dart
DA:5,0
DA:7,0
DA:11,2
DA:14,1
DA:16,1
DA:18,1
DA:33,1
LF:7
LH:5
end_of_record
SF:lib/screens/forgot_password_screen.dart
DA:6,2
DA:10,1
DA:11,1
DA:18,1
DA:20,1
DA:21,1
DA:23,1
DA:24,1
DA:25,1
DA:26,3
DA:27,3
DA:29,1
DA:30,1
DA:32,1
DA:36,1
DA:37,1
DA:39,1
DA:41,1
DA:42,2
DA:44,1
DA:46,1
DA:47,1
DA:49,1
DA:50,1
DA:53,1
DA:54,1
DA:55,2
DA:59,1
DA:62,1
DA:69,1
DA:70,1
DA:80,2
DA:81,1
DA:82,1
DA:85,1
DA:86,1
DA:89,1
DA:92,1
DA:99,3
DA:100,1
DA:101,1
DA:102,3
DA:104,1
DA:107,1
DA:110,1
LF:45
LH:45
end_of_record
SF:lib/screens/login_screen.dart
DA:9,1
DA:11,1
DA:12,1
DA:19,1
DA:21,1
DA:22,1
DA:24,1
DA:25,1
DA:26,1
DA:27,3
DA:28,3
DA:30,1
DA:31,1
DA:33,1
DA:37,1
DA:38,1
DA:40,1
DA:42,1
DA:43,2
DA:45,1
DA:47,1
DA:48,1
DA:50,1
DA:51,1
DA:55,1
DA:56,1
DA:60,1
DA:63,1
DA:70,1
DA:71,1
DA:81,2
DA:82,1
DA:83,1
DA:86,1
DA:87,1
DA:91,1
DA:98,1
DA:101,1
DA:108,1
DA:109,1
DA:119,2
DA:120,1
DA:121,1
DA:122,1
DA:129,1
DA:130,1
DA:133,1
DA:136,1
DA:143,3
DA:144,1
DA:145,1
DA:146,3
DA:148,1
DA:151,3
DA:154,1
DA:166,1
DA:169,1
DA:177,1
DA:178,1
DA:179,3
DA:180,3
DA:182,2
DA:185,4
DA:194,1
DA:197,1
DA:204,3
DA:205,1
DA:206,1
DA:208,1
DA:211,3
LF:70
LH:70
end_of_record
SF:lib/screens/sign_up_screen.dart
DA:5,1
DA:7,1
DA:8,1
DA:12,1
DA:14,1
LF:5
LH:5
end_of_record
SF:lib/screens/home_page_screen.dart
DA:4,1
DA:6,1
DA:7,1
DA:11,1
DA:13,1
DA:14,1
DA:17,1
DA:18,1
DA:21,1
DA:22,1
DA:23,1
DA:24,0
DA:25,0
LF:13
LH:11
end_of_record
